<?xml version="1.0" encoding="UTF-8"?>
<!-- Generated by org.testng.reporters.JUnitXMLReporter -->
<testsuite hostname="Kevins-MacBook-Pro.local" name="Command line test" tests="2" failures="0" timestamp="29 Apr 2013 00:06:20 GMT" time="0.726" errors="0">
  <testcase name="getByUserIDTest" time="0.0" classname="com.nebarti.dataaccess.dao.TwitterAccountDaoTest"/>
  <testcase name="saveTest" time="0.0" classname="com.nebarti.dataaccess.dao.TwitterAccountDaoTest"/>
</testsuite> <!-- Command line test -->
