<?xml version="1.0" encoding="UTF-8"?>
<testng-results skipped="0" failed="0" total="5" passed="5">
  <reporter-output>
  </reporter-output>
  <suite name="Command line suite" duration-ms="18" started-at="2013-07-04T17:33:35Z" finished-at="2013-07-04T17:33:35Z">
    <groups>
    </groups>
    <test name="Command line test" duration-ms="18" started-at="2013-07-04T17:33:35Z" finished-at="2013-07-04T17:33:35Z">
      <class name="com.idot.services.endpoints.TextAnalyzerEndpointTest">
        <test-method status="PASS" signature="setUp()" name="setUp" is-config="true" duration-ms="0" started-at="2013-07-04T17:33:35Z" finished-at="2013-07-04T17:33:35Z">
        </test-method>
        <test-method status="PASS" signature="categorizeTest()" name="categorizeTest" duration-ms="1" started-at="2013-07-04T17:33:35Z" finished-at="2013-07-04T17:33:35Z">
        </test-method>
        <test-method status="PASS" signature="cleanUp()" name="cleanUp" is-config="true" duration-ms="0" started-at="2013-07-04T17:33:35Z" finished-at="2013-07-04T17:33:35Z">
        </test-method>
      </class>
      <class name="com.idot.services.endpoints.ModelsEndpointTest">
        <test-method status="PASS" signature="setUp()" name="setUp" is-config="true" duration-ms="8" started-at="2013-07-04T17:33:35Z" finished-at="2013-07-04T17:33:35Z">
        </test-method>
        <test-method status="PASS" signature="createTest()" name="createTest" duration-ms="1" started-at="2013-07-04T17:33:35Z" finished-at="2013-07-04T17:33:35Z">
        </test-method>
        <test-method status="PASS" signature="deleteTest()" name="deleteTest" duration-ms="1" started-at="2013-07-04T17:33:35Z" finished-at="2013-07-04T17:33:35Z">
        </test-method>
        <test-method status="PASS" signature="getByIdsTest()" name="getByIdsTest" duration-ms="1" started-at="2013-07-04T17:33:35Z" finished-at="2013-07-04T17:33:35Z">
        </test-method>
        <test-method status="PASS" signature="saveClassifiedText()" name="saveClassifiedText" duration-ms="0" started-at="2013-07-04T17:33:35Z" finished-at="2013-07-04T17:33:35Z">
        </test-method>
        <test-method status="PASS" signature="cleanUp()" name="cleanUp" is-config="true" duration-ms="1" started-at="2013-07-04T17:33:35Z" finished-at="2013-07-04T17:33:35Z">
        </test-method>
      </class>
    </test>
  </suite>
</testng-results>
