<?xml version="1.0" encoding="UTF-8"?>
<!-- Generated by org.testng.reporters.JUnitXMLReporter -->
<testsuite hostname="Kevins-MacBook-Pro.local" name="Command line test" tests="4" failures="0" timestamp="29 Apr 2013 00:05:56 GMT" time="0.025" errors="0">
  <testcase name="authTest" time="0.0" classname="com.idot.dataingest.twitter.AccessTokenHandlerTest"/>
  <testcase name="serviceTest" time="0.001" classname="com.idot.dataingest.twitter.TwitterProcessorExecutorServiceTest"/>
  <testcase name="coreTest" time="0.0" classname="com.idot.dataingest.twitter.TwitterProcessorTest"/>
  <testcase name="summarizeWordCountsTest" time="0.0" classname="com.idot.dataingest.wordcount.WordCountSummarizerTest"/>
</testsuite> <!-- Command line test -->
