<?xml version="1.0" encoding="UTF-8"?>
<testsuite hostname="Kevins-MacBook-Pro.local" name="com.idot.services.endpoints.ModelsEndpointTest" tests="5" failures="0" timestamp="4 Jul 2013 23:33:36 GMT" time="0.018" errors="0">
  <testcase name="createTest" time="0.001" classname="com.idot.services.endpoints.ModelsEndpointTest"/>
  <testcase name="deleteTest" time="0.001" classname="com.idot.services.endpoints.ModelsEndpointTest"/>
  <testcase name="getByIdsTest" time="0.001" classname="com.idot.services.endpoints.ModelsEndpointTest"/>
  <testcase name="saveClassifiedText" time="0.0" classname="com.idot.services.endpoints.ModelsEndpointTest"/>
  <testcase name="categorizeTest" time="0.001" classname="com.idot.services.endpoints.TextAnalyzerEndpointTest"/>
</testsuite>
